info it worked if it ends with ok
verbose cli [ 'C:\\Program Files (x86)\\nodejs\\\\node.exe',
verbose cli   'C:\\Program Files (x86)\\nodejs\\node_modules\\npm\\bin\\npm-cli.js',
verbose cli   'install' ]
info using npm@1.1.21
info using node@v0.6.17
verbose C:\Program Files (x86)\nodejs\\node.exe node symlink
verbose config file C:\Users\Willson Haw\.npmrc
verbose config file C:\Program Files (x86)\nodejs\etc\npmrc
verbose config file C:\Program Files (x86)\nodejs\node_modules\npm\npmrc
ERR! Couldn't read dependencies.
ERR! Failed to parse json
ERR! Unexpected token ﻿
ERR! File: C:\Projects\SurfaceShooter\SS.Web\package.json
ERR! JSON.parse Failed to parse package.json data.
ERR! JSON.parse package.json must be actual JSON, not just JavaScript.
ERR! JSON.parse This is not a bug in npm.
ERR! JSON.parse Tell the package author to fix their package.json file.
ERR! 
ERR! System Windows_NT 6.1.7600
ERR! command "C:\\Program Files (x86)\\nodejs\\\\node.exe" "C:\\Program Files (x86)\\nodejs\\node_modules\\npm\\bin\\npm-cli.js" "install"
ERR! cwd C:\Projects\SurfaceShooter\SS.Web
ERR! node -v v0.6.17
ERR! npm -v 1.1.21
ERR! file C:\Projects\SurfaceShooter\SS.Web\package.json
ERR! code EJSONPARSE
ERR! message Failed to parse json
ERR! message Unexpected token ﻿
ERR! errno {}
verbose exit [ 1, true ]
